2020-06-25 15:12:34,444 INFO     BEGIN
2020-06-25 15:12:34,444 INFO     struct {
    name: 'light_joint-feat-plan'
    recipes: 'resources/light/recipes.yaml'
    world:
        name: 'LightWorld'
    model:
        name: 'ModularACModel'
        use_args: False
        featurize_plan: True
        max_subtask_timesteps: 15
        baseline: 'state'
    trainer:
        name: 'CurriculumTrainer'
        use_curriculum: True
        improvement_threshold: 0.8
        hints: 'resources/light/hints.yaml'
        max_timesteps: 100
    experiment_dir: 'experiments/light_joint-feat-plan'
}
2020-06-25 15:12:34,445 WARNING  From /home/khanhptnk/Code/psketch/models/modular_ac.py:40: The name tf.set_random_seed is deprecated. Please use tf.compat.v1.set_random_seed instead.

2020-06-25 15:12:34,458 WARNING  From /home/khanhptnk/Code/psketch/models/modular_ac.py:61: The name tf.train.RMSPropOptimizer is deprecated. Please use tf.compat.v1.train.RMSPropOptimizer instead.

2020-06-25 15:12:34,458 WARNING  From /home/khanhptnk/Code/psketch/models/modular_ac.py:112: The name tf.placeholder is deprecated. Please use tf.compat.v1.placeholder instead.

2020-06-25 15:12:34,460 WARNING  From /home/khanhptnk/Code/psketch/models/modular_ac.py:64: The name tf.variable_scope is deprecated. Please use tf.compat.v1.variable_scope instead.

2020-06-25 15:12:34,460 WARNING  From /home/khanhptnk/Code/psketch/models/net.py:11: The name tf.get_variable is deprecated. Please use tf.compat.v1.get_variable instead.

2020-06-25 15:12:34,460 WARNING  From /home/khanhptnk/anaconda3/lib/python3.7/site-packages/tensorflow/python/util/deprecation.py:507: UniformUnitScaling.__init__ (from tensorflow.python.ops.init_ops) is deprecated and will be removed in a future version.
Instructions for updating:
Use tf.initializers.variance_scaling instead with distribution=uniform to get equivalent behavior.
2020-06-25 15:12:34,594 WARNING  From /home/khanhptnk/anaconda3/lib/python3.7/site-packages/tensorflow/python/training/rmsprop.py:119: calling Ones.__init__ (from tensorflow.python.ops.init_ops) with dtype is deprecated and will be removed in a future version.
Instructions for updating:
Call initializer instance with the dtype argument instead of passing it to the constructor
2020-06-25 15:12:46,306 WARNING  From /home/khanhptnk/Code/psketch/models/modular_ac.py:167: The name tf.train.Saver is deprecated. Please use tf.compat.v1.train.Saver instead.

2020-06-25 15:12:46,349 WARNING  From /home/khanhptnk/Code/psketch/models/modular_ac.py:169: The name tf.Session is deprecated. Please use tf.compat.v1.Session instead.

2020-06-25 15:12:46,371 WARNING  From /home/khanhptnk/anaconda3/lib/python3.7/site-packages/tensorflow/python/util/tf_should_use.py:193: initialize_all_variables (from tensorflow.python.ops.variables) is deprecated and will be removed after 2017-03-02.
Instructions for updating:
Use `tf.global_variables_initializer` instead.
2020-06-25 15:12:47,042 INFO     [max steps] 1
2020-06-25 15:12:47,042 INFO     [min reward] inf
2020-06-25 15:12:47,042 INFO     
2020-06-25 15:12:48,132 INFO     [max steps] 2
2020-06-25 15:18:00,071 INFO     [step] 63900
2020-06-25 15:18:00,072 INFO     [task] go[LL] 0.2 0.0
2020-06-25 15:18:00,072 INFO     [task] go[LD] 0.2 0.0
2020-06-25 15:18:00,072 INFO     [task] go[RD] 0.2 7.719027402547279e-05
2020-06-25 15:18:00,072 INFO     [task] go[UL] 0.2 0.00047524752475247524
2020-06-25 15:18:00,072 INFO     [task] go[UR] 0.2 0.00015741833923652105
2020-06-25 15:18:00,072 INFO     
2020-06-25 15:18:00,072 INFO     [rollout0] [3, 4, 5, 5]
2020-06-25 15:18:00,072 INFO     [rollout1] [0, 1, 1, 4, 1, 5, 4, 3, 2, 4, 2, 0, 3, 5]
2020-06-25 15:18:00,072 INFO     [rollout2] [4, 5, 5]
2020-06-25 15:18:00,072 INFO     [reward] 0.00014084507042253522
2020-06-25 15:18:00,072 INFO     [error] [-3.50808096e-06  7.73942702e-09]
2020-06-25 15:18:00,073 INFO     
2020-06-25 15:18:00,073 INFO     [min reward] 0.0
2020-06-25 15:18:00,073 INFO     
2020-06-25 15:18:00,073 INFO     [max steps] 2
2020-06-25 15:23:58,130 INFO     [step] 164400
2020-06-25 15:23:58,130 INFO     [task] go[LL] 0.2000281170666684 0.0
2020-06-25 15:23:58,131 INFO     [task] go[LD] 0.2000281170666684 5.0178132369913194e-05
2020-06-25 15:23:58,131 INFO     [task] go[RD] 0.20001282971501574 0.0
2020-06-25 15:23:58,131 INFO     [task] go[UL] 0.19993399541566165 0.0
2020-06-25 15:23:58,131 INFO     [task] go[UR] 0.19999694073598598 0.0
2020-06-25 15:23:58,131 INFO     
2020-06-25 15:23:58,131 INFO     [rollout0] [1, 4, 5, 4, 0, 1, 0, 1, 5]
2020-06-25 15:23:58,131 INFO     [rollout1] [1, 1, 5, 4, 0, 1, 0, 0, 2, 0, 1, 3, 0, 4, 2, 2, 1, 6]
2020-06-25 15:23:58,131 INFO     [rollout2] [4, 3, 3, 3, 2, 5, 5]
2020-06-25 15:23:58,131 INFO     [reward] 9.950248756218906e-06
2020-06-25 15:23:58,131 INFO     [error] [-2.09510937e-06  1.64594615e-09]
2020-06-25 15:23:58,131 INFO     
2020-06-25 15:23:58,131 INFO     [min reward] 0.0
2020-06-25 15:23:58,131 INFO     
2020-06-25 15:23:58,131 INFO     [max steps] 2
2020-06-25 15:29:59,561 INFO     [step] 264700
2020-06-25 15:29:59,562 INFO     [task] go[LL] 0.2000019872725132 0.0
2020-06-25 15:29:59,562 INFO     [task] go[LD] 0.19999205090994723 4.99425660490436e-05
2020-06-25 15:29:59,562 INFO     [task] go[RD] 0.2000019872725132 0.0
2020-06-25 15:29:59,562 INFO     [task] go[UL] 0.2000019872725132 0.0
2020-06-25 15:29:59,562 INFO     [task] go[UR] 0.2000019872725132 0.0
2020-06-25 15:29:59,562 INFO     
2020-06-25 15:29:59,562 INFO     [rollout0] [0, 0, 2, 2, 0, 3, 0, 2, 5, 5]
2020-06-25 15:29:59,562 INFO     [rollout1] [0, 4, 5, 0, 3, 1, 1, 3, 1, 4, 4, 0, 0, 4, 1, 1, 2, 6]
2020-06-25 15:29:59,562 INFO     [rollout2] [5, 4, 1, 4, 0, 4, 4, 5]
2020-06-25 15:29:59,562 INFO     [reward] 9.970089730807577e-06
2020-06-25 15:29:59,562 INFO     [error] [-4.3701539e-06  1.2886292e-09]
2020-06-25 15:29:59,563 INFO     
2020-06-25 15:29:59,563 INFO     [min reward] 0.0
2020-06-25 15:29:59,563 INFO     
2020-06-25 15:29:59,563 INFO     [max steps] 2
2020-06-25 15:35:45,745 INFO     [step] 365000
2020-06-25 15:35:45,746 INFO     [task] go[LL] 0.20000197794296903 0.0
2020-06-25 15:35:45,746 INFO     [task] go[LD] 0.1999920882281241 0.0
2020-06-25 15:35:45,746 INFO     [task] go[RD] 0.20000197794296903 4.972897707494157e-05
2020-06-25 15:35:45,746 INFO     [task] go[UL] 0.20000197794296903 0.0
2020-06-25 15:35:45,746 INFO     [task] go[UR] 0.20000197794296903 0.0
2020-06-25 15:35:45,746 INFO     
2020-06-25 15:35:45,746 INFO     [rollout0] [5, 4, 1, 5]
2020-06-25 15:35:45,746 INFO     [rollout1] [3, 1, 0, 5, 0, 3, 5]
2020-06-25 15:35:45,746 INFO     [rollout2] [2, 4, 3, 1, 2, 5, 3, 1, 3, 3, 4, 0, 2, 3, 1, 2, 0, 4, 5]
2020-06-25 15:35:45,746 INFO     [reward] 9.970089730807577e-06
2020-06-25 15:35:45,746 INFO     [error] [-4.30073974e-06  1.23939380e-08]
2020-06-25 15:35:45,746 INFO     
2020-06-25 15:35:45,746 INFO     [min reward] 0.0
2020-06-25 15:35:45,746 INFO     
2020-06-25 15:35:45,747 INFO     [max steps] 2
2020-06-25 15:41:25,970 INFO     [step] 465300
2020-06-25 15:41:25,970 INFO     [task] go[LL] 0.20000196948383275 0.0
2020-06-25 15:41:25,970 INFO     [task] go[LD] 0.20000196948383275 0.00010087254753618803
2020-06-25 15:41:25,970 INFO     [task] go[RD] 0.19999212206466901 4.9268364782972854e-05
2020-06-25 15:41:25,971 INFO     [task] go[UL] 0.20000196948383275 0.0
2020-06-25 15:41:25,971 INFO     [task] go[UR] 0.20000196948383275 9.991008092716555e-05
2020-06-25 15:41:25,971 INFO     
2020-06-25 15:41:25,971 INFO     [rollout0] [1, 2, 3, 3, 3, 2, 2, 1, 3, 5, 2, 3, 4, 4, 1, 4, 4, 5]
2020-06-25 15:41:25,971 INFO     [rollout1] [1, 5, 5]
2020-06-25 15:41:25,971 INFO     [rollout2] [3, 4, 4, 3, 3, 1, 1, 1, 3, 1, 5, 2, 2, 1, 1, 1, 2, 4, 4, 0, 3, 0, 2, 2, 2, 6]
2020-06-25 15:41:25,971 INFO     [reward] 4.985044865403789e-05
2020-06-25 15:41:25,971 INFO     [error] [-5.87004480e-06  1.30940857e-08]
2020-06-25 15:41:25,971 INFO     
2020-06-25 15:41:25,971 INFO     [min reward] 0.0
2020-06-25 15:41:25,971 INFO     
2020-06-25 15:41:25,971 INFO     [max steps] 2
2020-06-25 15:47:11,892 INFO     [step] 565600
2020-06-25 15:47:11,892 INFO     [task] go[LL] 0.2000099035000058 0.0
2020-06-25 15:47:11,892 INFO     [task] go[LD] 0.19998992774901717 0.0
2020-06-25 15:47:11,892 INFO     [task] go[RD] 0.20000014690506931 0.0
2020-06-25 15:47:11,892 INFO     [task] go[UL] 0.2000099035000058 0.0
2020-06-25 15:47:11,892 INFO     [task] go[UR] 0.19999011834590194 4.945598417408506e-05
2020-06-25 15:47:11,892 INFO     
2020-06-25 15:47:11,892 INFO     [rollout0] [4, 0, 4, 3, 2, 4, 4, 5, 3, 0, 3, 4, 1, 0, 5]
2020-06-25 15:47:11,892 INFO     [rollout1] [0, 3, 2, 0, 1, 3, 0, 0, 1, 0, 3, 1, 2, 0, 6, 4, 3, 5]
2020-06-25 15:47:11,893 INFO     [rollout2] [5, 0, 3, 5]
2020-06-25 15:47:11,893 INFO     [reward] 9.970089730807577e-06
2020-06-25 15:47:11,893 INFO     [error] [-3.99912640e-06  6.41795629e-09]
2020-06-25 15:47:11,893 INFO     
2020-06-25 15:47:11,893 INFO     [min reward] 0.0
2020-06-25 15:47:11,893 INFO     
2020-06-25 15:47:11,893 INFO     [max steps] 2
2020-06-25 15:53:11,828 INFO     [step] 666100
2020-06-25 15:53:11,828 INFO     [task] go[LL] 0.20000195867202036 0.0
2020-06-25 15:53:11,828 INFO     [task] go[LD] 0.20000195867202036 4.962286621675268e-05
2020-06-25 15:53:11,828 INFO     [task] go[RD] 0.20000195867202036 9.887284951552304e-05
2020-06-25 15:53:11,828 INFO     [task] go[UL] 0.20000195867202036 4.9600714250285204e-05
2020-06-25 15:53:11,828 INFO     [task] go[UR] 0.1999921653119185 0.0
2020-06-25 15:53:11,828 INFO     
2020-06-25 15:53:11,828 INFO     [rollout0] [1, 5, 1, 3, 1, 4, 3, 2, 1, 1, 2, 0, 2, 0, 3, 0, 6]
2020-06-25 15:53:11,828 INFO     [rollout1] [3, 0, 1, 1, 4, 4, 5, 1, 3, 5]
2020-06-25 15:53:11,828 INFO     [rollout2] [4, 4, 0, 0, 0, 1, 3, 5, 3, 0, 1, 0, 5]
2020-06-25 15:53:11,828 INFO     [reward] 3.980099502487562e-05
2020-06-25 15:53:11,828 INFO     [error] [-5.42148101e-06  3.06551146e-09]
2020-06-25 15:53:11,828 INFO     
2020-06-25 15:53:11,828 INFO     [min reward] 0.0
2020-06-25 15:53:11,829 INFO     
2020-06-25 15:53:11,829 INFO     [max steps] 2
2020-06-25 15:59:05,352 INFO     [step] 766900
2020-06-25 15:59:05,352 INFO     [task] go[LL] 0.20000784571093144 0.0
2020-06-25 15:59:05,352 INFO     [task] go[LD] 0.19999801901531758 0.0
2020-06-25 15:59:05,352 INFO     [task] go[RD] 0.19998826616080187 0.0
2020-06-25 15:59:05,352 INFO     [task] go[UL] 0.19999802340201767 0.0
2020-06-25 15:59:05,353 INFO     [task] go[UR] 0.20000784571093144 0.0
2020-06-25 15:59:05,353 INFO     
2020-06-25 15:59:05,353 INFO     [rollout0] [4, 4, 5, 2, 4, 1, 3, 1, 0, 0, 4, 0, 3, 5]
2020-06-25 15:59:05,353 INFO     [rollout1] [0, 2, 2, 4, 2, 1, 1, 2, 2, 5, 4, 0, 5]
2020-06-25 15:59:05,353 INFO     [rollout2] [4, 5, 1, 1, 4, 1, 5]
2020-06-25 15:59:05,353 INFO     [reward] 0.0
2020-06-25 15:59:05,353 INFO     [error] [-3.93607301e-06  2.47418896e-09]
2020-06-25 15:59:05,353 INFO     
2020-06-25 15:59:05,353 INFO     [min reward] 0.0
2020-06-25 15:59:05,353 INFO     
2020-06-25 15:59:05,353 INFO     [max steps] 2
2020-06-25 16:04:49,901 INFO     [step] 867200
2020-06-25 16:04:49,901 INFO     [task] go[LL] 0.2 0.0
2020-06-25 16:04:49,902 INFO     [task] go[LD] 0.2 5.0035024517162014e-05
2020-06-25 16:04:49,902 INFO     [task] go[RD] 0.2 4.9578582052553296e-05
2020-06-25 16:04:49,902 INFO     [task] go[UL] 0.2 0.0
2020-06-25 16:04:49,902 INFO     [task] go[UR] 0.2 4.950495049504951e-05
2020-06-25 16:04:49,902 INFO     
2020-06-25 16:04:49,902 INFO     [rollout0] [5, 2, 1, 0, 3, 2, 5]
2020-06-25 16:04:49,902 INFO     [rollout1] [4, 0, 1, 0, 4, 4, 2, 2, 3, 5, 3, 0, 5]
2020-06-25 16:04:49,902 INFO     [rollout2] [3, 0, 0, 2, 1, 2, 1, 0, 3, 1, 1, 1, 3, 2, 6, 1, 0, 2, 1, 5]
2020-06-25 16:04:49,902 INFO     [reward] 2.991026919242273e-05
2020-06-25 16:04:49,902 INFO     [error] [-4.64263979e-06  9.31892770e-09]
2020-06-25 16:04:49,902 INFO     
2020-06-25 16:04:49,902 INFO     [min reward] 0.0
2020-06-25 16:04:49,902 INFO     
2020-06-25 16:04:49,902 INFO     [max steps] 2
2020-06-25 16:10:31,096 INFO     [step] 967300
2020-06-25 16:10:31,097 INFO     [task] go[LL] 0.20000590585981903 0.0
2020-06-25 16:10:31,097 INFO     [task] go[LD] 0.19999599764159798 0.0
2020-06-25 16:10:31,097 INFO     [task] go[RD] 0.19999608802891342 5.013285205795358e-05
2020-06-25 16:10:31,097 INFO     [task] go[UL] 0.20000590585981903 0.0
2020-06-25 16:10:31,097 INFO     [task] go[UR] 0.1999961026098504 0.0
2020-06-25 16:10:31,097 INFO     
2020-06-25 16:10:31,097 INFO     [rollout0] [1, 5, 5]
2020-06-25 16:10:31,097 INFO     [rollout1] [4, 3, 0, 2, 1, 0, 4, 4, 3, 1, 4, 4, 3, 3, 6, 4, 0, 2, 2, 0, 1, 2, 0, 2, 3, 5]
2020-06-25 16:10:31,097 INFO     [rollout2] [2, 3, 4, 1, 2, 5, 0, 5]
2020-06-25 16:10:31,097 INFO     [reward] 9.99000999000999e-06
2020-06-25 16:10:31,097 INFO     [error] [-3.77629502e-06  7.26717170e-10]
2020-06-25 16:10:31,097 INFO     
2020-06-25 16:10:31,098 INFO     [min reward] 0.0
2020-06-25 16:10:31,098 INFO     
2020-06-25 16:10:31,098 INFO     [max steps] 2
2020-06-25 16:16:17,755 INFO     [step] 1067600
2020-06-25 16:16:17,756 INFO     [task] go[LL] 0.2000019854791979 5.017561465127948e-05
2020-06-25 16:16:17,756 INFO     [task] go[LD] 0.2000019854791979 0.0
2020-06-25 16:16:17,756 INFO     [task] go[RD] 0.19999205808320847 0.0
2020-06-25 16:16:17,756 INFO     [task] go[UL] 0.2000019854791979 0.0
2020-06-25 16:16:17,756 INFO     [task] go[UR] 0.2000019854791979 0.0
2020-06-25 16:16:17,756 INFO     
2020-06-25 16:16:17,756 INFO     [rollout0] [2, 1, 4, 3, 5, 0, 2, 1, 1, 4, 5]
2020-06-25 16:16:17,756 INFO     [rollout1] [3, 4, 4, 5, 0, 1, 0, 4, 2, 1, 3, 5]
2020-06-25 16:16:17,756 INFO     [rollout2] [4, 0, 1, 2, 0, 5, 3, 4, 4, 4, 3, 5]
2020-06-25 16:16:17,756 INFO     [reward] 9.970089730807577e-06
2020-06-25 16:16:17,756 INFO     [error] [-1.47205380e-06  8.66422198e-09]
2020-06-25 16:16:17,756 INFO     
2020-06-25 16:16:17,756 INFO     [min reward] 0.0
2020-06-25 16:16:17,756 INFO     
2020-06-25 16:16:17,756 INFO     [max steps] 2
2020-06-25 16:21:58,635 INFO     [step] 1168100
2020-06-25 16:21:58,636 INFO     [task] go[LL] 0.19999205130880168 0.0
2020-06-25 16:21:58,636 INFO     [task] go[LD] 0.2000019871727996 4.979583706802111e-05
2020-06-25 16:21:58,636 INFO     [task] go[RD] 0.2000019871727996 4.9877799391490845e-05
2020-06-25 16:21:58,636 INFO     [task] go[UL] 0.2000019871727996 0.0
2020-06-25 16:21:58,636 INFO     [task] go[UR] 0.2000019871727996 0.0
2020-06-25 16:21:58,636 INFO     
2020-06-25 16:21:58,636 INFO     [rollout0] [3, 4, 1, 2, 0, 0, 3, 2, 2, 4, 1, 5, 3, 5]
2020-06-25 16:21:58,636 INFO     [rollout1] [2, 1, 4, 2, 5, 2, 0, 4, 1, 5]
2020-06-25 16:21:58,636 INFO     [rollout2] [1, 3, 1, 3, 5, 5]
2020-06-25 16:21:58,636 INFO     [reward] 1.990049751243781e-05
2020-06-25 16:21:58,636 INFO     [error] [-3.12510300e-06  3.38515297e-09]
2020-06-25 16:21:58,636 INFO     
2020-06-25 16:21:58,636 INFO     [min reward] 0.0
2020-06-25 16:21:58,636 INFO     
2020-06-25 16:21:58,636 INFO     [max steps] 2
2020-06-25 16:27:39,684 INFO     [step] 1269000
2020-06-25 16:27:39,685 INFO     [task] go[LL] 0.20000394754866507 0.0
2020-06-25 16:27:39,685 INFO     [task] go[LD] 0.19999408679224417 0.0
2020-06-25 16:27:39,685 INFO     [task] go[RD] 0.19999407056176075 4.917387883556255e-05
2020-06-25 16:27:39,685 INFO     [task] go[UL] 0.20000394754866507 0.0
2020-06-25 16:27:39,685 INFO     [task] go[UR] 0.20000394754866507 0.0
2020-06-25 16:27:39,685 INFO     
2020-06-25 16:27:39,685 INFO     [rollout0] [5, 4, 0, 1, 3, 1, 4, 3, 4, 4, 4, 0, 0, 4, 2, 6]
2020-06-25 16:27:39,685 INFO     [rollout1] [3, 2, 5, 0, 5]
2020-06-25 16:27:39,685 INFO     [rollout2] [0, 3, 1, 4, 2, 0, 5, 3, 2, 2, 0, 0, 5]
2020-06-25 16:27:39,685 INFO     [reward] 9.910802775024778e-06
2020-06-25 16:27:39,685 INFO     [error] [-4.47828725e-06  2.43443116e-09]
2020-06-25 16:27:39,685 INFO     
2020-06-25 16:27:39,685 INFO     [min reward] 0.0
2020-06-25 16:27:39,685 INFO     
2020-06-25 16:27:39,685 INFO     [max steps] 2
2020-06-25 16:33:18,961 INFO     [step] 1369100
2020-06-25 16:33:18,962 INFO     [task] go[LL] 0.20000194749931352 4.928536224741252e-05
2020-06-25 16:33:18,962 INFO     [task] go[LD] 0.20000194749931352 0.0
2020-06-25 16:33:18,962 INFO     [task] go[RD] 0.199992210002746 0.0
2020-06-25 16:33:18,962 INFO     [task] go[UL] 0.20000194749931352 0.0
2020-06-25 16:33:18,962 INFO     [task] go[UR] 0.20000194749931352 0.0
2020-06-25 16:33:18,962 INFO     
2020-06-25 16:33:18,962 INFO     [rollout0] [4, 5, 5]
2020-06-25 16:33:18,962 INFO     [rollout1] [1, 2, 0, 2, 4, 3, 1, 4, 1, 1, 5, 5]
2020-06-25 16:33:18,962 INFO     [rollout2] [4, 1, 3, 4, 1, 3, 5, 2, 5]
2020-06-25 16:33:18,962 INFO     [reward] 9.99000999000999e-06
2020-06-25 16:33:18,962 INFO     [error] [-4.4277705e-06  1.4265885e-09]
2020-06-25 16:33:18,962 INFO     
2020-06-25 16:33:18,963 INFO     [min reward] 0.0
2020-06-25 16:33:18,963 INFO     
2020-06-25 16:33:18,963 INFO     [max steps] 2
2020-06-25 16:38:58,918 INFO     [step] 1469300
2020-06-25 16:38:58,919 INFO     [task] go[LL] 0.19999219234166313 4.964503797845405e-05
2020-06-25 16:38:58,919 INFO     [task] go[LD] 0.20000195191458425 4.939491232403063e-05
2020-06-25 16:38:58,919 INFO     [task] go[RD] 0.20000195191458425 0.0
2020-06-25 16:38:58,919 INFO     [task] go[UL] 0.20000195191458425 0.0
2020-06-25 16:38:58,919 INFO     [task] go[UR] 0.20000195191458425 4.9719087157559784e-05
2020-06-25 16:38:58,919 INFO     
2020-06-25 16:38:58,919 INFO     [rollout0] [4, 5, 1, 3, 0, 5]
2020-06-25 16:38:58,919 INFO     [rollout1] [3, 4, 5, 4, 0, 1, 4, 1, 2, 5]
2020-06-25 16:38:58,919 INFO     [rollout2] [1, 0, 0, 1, 1, 3, 0, 5, 2, 1, 0, 4, 1, 1, 0, 3, 0, 4, 0, 2, 0, 4, 6]
2020-06-25 16:38:58,919 INFO     [reward] 2.994011976047904e-05
2020-06-25 16:38:58,919 INFO     [error] [-5.91275036e-06  2.39487849e-09]
2020-06-25 16:38:58,919 INFO     
2020-06-25 16:38:58,919 INFO     [min reward] 0.0
2020-06-25 16:38:58,919 INFO     
2020-06-25 16:38:58,919 INFO     [max steps] 2
2020-06-25 16:44:36,673 INFO     [step] 1569700
2020-06-25 16:44:36,673 INFO     [task] go[LL] 0.1999960606303954 4.9600714250285204e-05
2020-06-25 16:44:36,674 INFO     [task] go[LD] 0.19999611016168703 0.0
2020-06-25 16:44:36,674 INFO     [task] go[RD] 0.200005891620579 0.0001010611419909045
2020-06-25 16:44:36,674 INFO     [task] go[UL] 0.200005891620579 0.0
2020-06-25 16:44:36,674 INFO     [task] go[UR] 0.19999604596675968 0.0
2020-06-25 16:44:36,674 INFO     
2020-06-25 16:44:36,674 INFO     [rollout0] [1, 0, 3, 3, 4, 4, 1, 2, 1, 2, 5, 2, 5]
2020-06-25 16:44:36,674 INFO     [rollout1] [0, 4, 1, 5, 3, 2, 0, 0, 0, 1, 3, 3, 2, 0, 1, 4, 4, 5]
2020-06-25 16:44:36,674 INFO     [rollout2] [2, 5, 5]
2020-06-25 16:44:36,674 INFO     [reward] 2.98804780876494e-05
2020-06-25 16:44:36,674 INFO     [error] [-2.64239949e-06  4.19656900e-09]
2020-06-25 16:44:36,674 INFO     
2020-06-25 16:44:36,674 INFO     [min reward] 0.0
2020-06-25 16:44:36,674 INFO     
2020-06-25 16:44:36,674 INFO     [max steps] 2
2020-06-25 16:50:20,236 INFO     [step] 1670000
2020-06-25 16:50:20,236 INFO     [task] go[LL] 0.19999614476755675 0.0
2020-06-25 16:50:20,236 INFO     [task] go[LD] 0.20000596698420697 0.0
2020-06-25 16:50:20,236 INFO     [task] go[RD] 0.1999859542798224 5.012531328320802e-05
2020-06-25 16:50:20,236 INFO     [task] go[UL] 0.20000596698420697 0.0
2020-06-25 16:50:20,236 INFO     [task] go[UR] 0.20000596698420697 0.0
2020-06-25 16:50:20,236 INFO     
2020-06-25 16:50:20,236 INFO     [rollout0] [2, 4, 3, 4, 1, 0, 0, 0, 1, 3, 1, 0, 3, 4, 6, 5]
2020-06-25 16:50:20,236 INFO     [rollout1] [1, 4, 4, 2, 5, 0, 2, 1, 2, 1, 4, 0, 3, 1, 5]
2020-06-25 16:50:20,236 INFO     [rollout2] [3, 3, 4, 0, 0, 5, 5]
2020-06-25 16:50:20,236 INFO     [reward] 9.970089730807577e-06
2020-06-25 16:50:20,236 INFO     [error] [-4.66416103e-06  2.09629901e-09]
2020-06-25 16:50:20,237 INFO     
2020-06-25 16:50:20,237 INFO     [min reward] 0.0
2020-06-25 16:50:20,237 INFO     
2020-06-25 16:50:20,237 INFO     [max steps] 2
2020-06-25 16:56:01,850 INFO     [step] 1770100
2020-06-25 16:56:01,851 INFO     [task] go[LL] 0.20000198518062662 0.0
2020-06-25 16:56:01,851 INFO     [task] go[LD] 0.20000198518062662 9.997500624843789e-05
2020-06-25 16:56:01,851 INFO     [task] go[RD] 0.19999205927749353 0.0
2020-06-25 16:56:01,851 INFO     [task] go[UL] 0.20000198518062662 0.0
2020-06-25 16:56:01,851 INFO     [task] go[UR] 0.20000198518062662 5.004253615573237e-05
2020-06-25 16:56:01,851 INFO     
2020-06-25 16:56:01,851 INFO     [rollout0] [0, 2, 0, 0, 0, 2, 2, 0, 3, 4, 5, 3, 3, 5]
2020-06-25 16:56:01,851 INFO     [rollout1] [0, 0, 2, 1, 1, 5, 2, 5]
2020-06-25 16:56:01,851 INFO     [rollout2] [1, 4, 0, 3, 4, 2, 1, 5, 5]
2020-06-25 16:56:01,851 INFO     [reward] 2.997002997002997e-05
2020-06-25 16:56:01,851 INFO     [error] [-4.30005753e-06  5.41140592e-09]
2020-06-25 16:56:01,851 INFO     
2020-06-25 16:56:01,851 INFO     [min reward] 0.0
2020-06-25 16:56:01,851 INFO     
2020-06-25 16:56:01,851 INFO     [max steps] 2
2020-06-25 17:01:44,283 INFO     [step] 1870500
2020-06-25 17:01:44,283 INFO     [task] go[LL] 0.20000594146530792 0.0
2020-06-25 17:01:44,283 INFO     [task] go[LD] 0.19998614384625077 4.987531172069826e-05
2020-06-25 17:01:44,284 INFO     [task] go[RD] 0.20000594146530792 4.998000799680128e-05
2020-06-25 17:01:44,284 INFO     [task] go[UL] 0.20000594146530792 0.0
2020-06-25 17:01:44,284 INFO     [task] go[UR] 0.19999603175782557 0.0
2020-06-25 17:01:44,284 INFO     
2020-06-25 17:01:44,284 INFO     [rollout0] [4, 3, 2, 5, 3, 0, 0, 4, 3, 2, 3, 2, 4, 3, 2, 4, 3, 1, 6]
2020-06-25 17:01:44,284 INFO     [rollout1] [4, 2, 5, 5]
2020-06-25 17:01:44,284 INFO     [rollout2] [3, 2, 2, 1, 1, 2, 5, 3, 1, 0, 1, 4, 3, 4, 3, 5]
2020-06-25 17:01:44,284 INFO     [reward] 1.9920318725099602e-05
2020-06-25 17:01:44,284 INFO     [error] [-7.78554296e-06  4.87183935e-09]
2020-06-25 17:01:44,284 INFO     
2020-06-25 17:01:44,284 INFO     [min reward] 0.0
2020-06-25 17:01:44,284 INFO     
2020-06-25 17:01:44,284 INFO     [max steps] 2
2020-06-25 17:07:24,280 INFO     [step] 1970700
2020-06-25 17:07:24,281 INFO     [task] go[LL] 0.20000395474432592 4.958349861166204e-05
2020-06-25 17:07:24,281 INFO     [task] go[LD] 0.19999407824968404 0.0
2020-06-25 17:07:24,281 INFO     [task] go[RD] 0.19999405751733826 0.0
2020-06-25 17:07:24,281 INFO     [task] go[UL] 0.20000395474432592 0.0
2020-06-25 17:07:24,281 INFO     [task] go[UR] 0.20000395474432592 0.0
2020-06-25 17:07:24,281 INFO     
2020-06-25 17:07:24,281 INFO     [rollout0] [5, 4, 1, 0, 0, 2, 3, 4, 1, 0, 5]
2020-06-25 17:07:24,281 INFO     [rollout1] [5, 5]
2020-06-25 17:07:24,281 INFO     [rollout2] [1, 1, 3, 2, 4, 1, 4, 5, 5]
2020-06-25 17:07:24,281 INFO     [reward] 9.980039920159681e-06
2020-06-25 17:07:24,281 INFO     [error] [-4.15841801e-06  6.36848924e-09]
2020-06-25 17:07:24,281 INFO     
2020-06-25 17:07:24,281 INFO     [min reward] 0.0
2020-06-25 17:07:24,281 INFO     
2020-06-25 17:07:24,281 INFO     [max steps] 2
2020-06-25 17:13:05,877 INFO     [step] 2070800
2020-06-25 17:13:05,877 INFO     [task] go[LL] 0.19999214511121544 0.0
2020-06-25 17:13:05,877 INFO     [task] go[LD] 0.20000196372219617 4.993757802746567e-05
2020-06-25 17:13:05,877 INFO     [task] go[RD] 0.20000196372219617 0.00010020542111328223
2020-06-25 17:13:05,877 INFO     [task] go[UL] 0.20000196372219617 0.0
2020-06-25 17:13:05,877 INFO     [task] go[UR] 0.20000196372219617 5.011526510975243e-05
2020-06-25 17:13:05,877 INFO     
2020-06-25 17:13:05,877 INFO     [rollout0] [5, 3, 5]
2020-06-25 17:13:05,877 INFO     [rollout1] [2, 3, 3, 4, 2, 5, 1, 2, 1, 4, 0, 4, 3, 1, 4, 3, 5]
2020-06-25 17:13:05,877 INFO     [rollout2] [4, 2, 0, 1, 1, 5, 4, 5]
2020-06-25 17:13:05,877 INFO     [reward] 3.996003996003996e-05
2020-06-25 17:13:05,877 INFO     [error] [-5.40950787e-06  1.63892898e-09]
2020-06-25 17:13:05,878 INFO     
2020-06-25 17:13:05,878 INFO     [min reward] 0.0
2020-06-25 17:13:05,878 INFO     
2020-06-25 17:13:05,878 INFO     [max steps] 2
2020-06-25 17:18:44,788 INFO     [step] 2171400
2020-06-25 17:18:44,789 INFO     [task] go[LL] 0.20000793133488426 0.0
2020-06-25 17:18:44,789 INFO     [task] go[LD] 0.1999980423134217 4.9620403910087826e-05
2020-06-25 17:18:44,789 INFO     [task] go[RD] 0.19998808789034422 4.981816370248592e-05
2020-06-25 17:18:44,789 INFO     [task] go[UL] 0.20000793133488426 0.0
2020-06-25 17:18:44,789 INFO     [task] go[UR] 0.19999800712646554 0.0
2020-06-25 17:18:44,789 INFO     
2020-06-25 17:18:44,789 INFO     [rollout0] [2, 1, 0, 5, 0, 2, 0, 5]
2020-06-25 17:18:44,789 INFO     [rollout1] [0, 4, 1, 3, 4, 3, 4, 3, 5, 0, 1, 2, 4, 2, 0, 4, 0, 5]
2020-06-25 17:18:44,789 INFO     [rollout2] [3, 1, 1, 1, 3, 5, 2, 2, 4, 0, 3, 1, 0, 1, 4, 0, 4, 4, 3, 3, 6]
2020-06-25 17:18:44,789 INFO     [reward] 1.9880715705765408e-05
2020-06-25 17:18:44,789 INFO     [error] [-5.49929085e-06  1.27347034e-08]
2020-06-25 17:18:44,789 INFO     
2020-06-25 17:18:44,789 INFO     [min reward] 0.0
2020-06-25 17:18:44,789 INFO     
2020-06-25 17:18:44,789 INFO     [max steps] 2
2020-06-25 17:24:22,393 INFO     [step] 2271700
2020-06-25 17:24:22,393 INFO     [task] go[LL] 0.20000393823864068 0.0
2020-06-25 17:24:22,393 INFO     [task] go[LD] 0.19999411222260202 4.981071926678621e-05
2020-06-25 17:24:22,393 INFO     [task] go[RD] 0.199994073061476 0.0
2020-06-25 17:24:22,393 INFO     [task] go[UL] 0.20000393823864068 0.0
2020-06-25 17:24:22,393 INFO     [task] go[UR] 0.20000393823864068 0.0
2020-06-25 17:24:22,393 INFO     
2020-06-25 17:24:22,393 INFO     [rollout0] [0, 0, 4, 5, 5]
2020-06-25 17:24:22,393 INFO     [rollout1] [2, 1, 1, 0, 3, 3, 5, 1, 5]
2020-06-25 17:24:22,393 INFO     [rollout2] [1, 1, 3, 0, 5, 5]
2020-06-25 17:24:22,394 INFO     [reward] 9.970089730807577e-06
2020-06-25 17:24:22,394 INFO     [error] [-4.17007884e-06  1.62936940e-09]
2020-06-25 17:24:22,394 INFO     
2020-06-25 17:24:22,394 INFO     [min reward] 0.0
2020-06-25 17:24:22,394 INFO     
2020-06-25 17:24:22,394 INFO     [max steps] 2
2020-06-25 17:30:00,046 INFO     [step] 2371800
2020-06-25 17:30:00,047 INFO     [task] go[LL] 0.20000197272121112 0.0
2020-06-25 17:30:00,047 INFO     [task] go[LD] 0.19999210911515566 0.0
2020-06-25 17:30:00,047 INFO     [task] go[RD] 0.20000197272121112 0.0
2020-06-25 17:30:00,047 INFO     [task] go[UL] 0.20000197272121112 0.0
2020-06-25 17:30:00,047 INFO     [task] go[UR] 0.20000197272121112 0.0
2020-06-25 17:30:00,047 INFO     
2020-06-25 17:30:00,047 INFO     [rollout0] [5, 1, 0, 1, 1, 2, 4, 1, 0, 2, 5]
2020-06-25 17:30:00,047 INFO     [rollout1] [3, 0, 3, 0, 1, 4, 0, 0, 3, 3, 4, 4, 2, 0, 6, 3, 0, 0, 1, 5]
2020-06-25 17:30:00,047 INFO     [rollout2] [0, 4, 2, 2, 2, 2, 3, 0, 2, 2, 0, 1, 4, 5, 2, 3, 4, 1, 1, 2, 0, 3, 0, 0, 3, 5]
2020-06-25 17:30:00,047 INFO     [reward] 0.0
2020-06-25 17:30:00,047 INFO     [error] [-3.15228981e-06  3.99203440e-09]
2020-06-25 17:30:00,047 INFO     
2020-06-25 17:30:00,047 INFO     [min reward] 0.0
2020-06-25 17:30:00,047 INFO     
2020-06-25 17:30:00,047 INFO     [max steps] 2
2020-06-25 17:35:37,456 INFO     [step] 2472200
2020-06-25 17:35:37,457 INFO     [task] go[LL] 0.2 4.942176534545814e-05
2020-06-25 17:35:37,457 INFO     [task] go[LD] 0.2 0.0
2020-06-25 17:35:37,457 INFO     [task] go[RD] 0.2 0.0
2020-06-25 17:35:37,457 INFO     [task] go[UL] 0.2 0.0
2020-06-25 17:35:37,457 INFO     [task] go[UR] 0.2 4.992760497278945e-05
2020-06-25 17:35:37,457 INFO     
2020-06-25 17:35:37,457 INFO     [rollout0] [5, 1, 3, 1, 1, 4, 2, 2, 3, 2, 1, 0, 5]
2020-06-25 17:35:37,457 INFO     [rollout1] [4, 1, 3, 1, 1, 1, 1, 0, 4, 2, 4, 0, 2, 3, 6, 0, 4, 4, 0, 0, 0, 3, 1, 2, 1, 0, 1, 0, 0, 6]
2020-06-25 17:35:37,457 INFO     [rollout2] [1, 4, 1, 2, 4, 5, 4, 3, 0, 2, 2, 4, 0, 0, 2, 2, 4, 4, 0, 4, 6]
2020-06-25 17:35:37,457 INFO     [reward] 1.9920318725099602e-05
2020-06-25 17:35:37,457 INFO     [error] [-1.08289140e-06  3.57293351e-09]
2020-06-25 17:35:37,457 INFO     
2020-06-25 17:35:37,457 INFO     [min reward] 0.0
2020-06-25 17:35:37,457 INFO     
2020-06-25 17:35:37,458 INFO     [max steps] 2
2020-06-25 17:41:15,423 INFO     [step] 2572500
2020-06-25 17:41:15,423 INFO     [task] go[LL] 0.19999414802521354 0.0
2020-06-25 17:41:15,423 INFO     [task] go[LD] 0.20000393470593553 4.999250112483127e-05
2020-06-25 17:41:15,423 INFO     [task] go[RD] 0.20000393470593553 0.0
2020-06-25 17:41:15,423 INFO     [task] go[UL] 0.20000393470593553 9.891196834817012e-05
2020-06-25 17:41:15,423 INFO     [task] go[UR] 0.19999404785698008 0.0
2020-06-25 17:41:15,423 INFO     
2020-06-25 17:41:15,423 INFO     [rollout0] [4, 2, 5, 4, 3, 1, 2, 2, 4, 3, 4, 3, 2, 4, 1, 3, 4, 6]
2020-06-25 17:41:15,423 INFO     [rollout1] [1, 5, 4, 2, 1, 3, 5]
2020-06-25 17:41:15,423 INFO     [rollout2] [2, 2, 0, 2, 3, 5, 1, 3, 5]
2020-06-25 17:41:15,423 INFO     [reward] 2.991026919242273e-05
2020-06-25 17:41:15,423 INFO     [error] [-6.93676287e-06  6.85434628e-09]
2020-06-25 17:41:15,423 INFO     
2020-06-25 17:41:15,424 INFO     [min reward] 0.0
2020-06-25 17:41:15,424 INFO     
2020-06-25 17:41:15,424 INFO     [max steps] 2
2020-06-25 17:46:53,373 INFO     [step] 2672700
2020-06-25 17:46:53,374 INFO     [task] go[LL] 0.2000058973806022 0.0
2020-06-25 17:46:53,374 INFO     [task] go[LD] 0.19999599758352324 9.955697147692768e-05
2020-06-25 17:46:53,374 INFO     [task] go[RD] 0.2000058973806022 0.0
2020-06-25 17:46:53,374 INFO     [task] go[UL] 0.19998631027467034 0.0
2020-06-25 17:46:53,374 INFO     [task] go[UR] 0.2000058973806022 0.0
2020-06-25 17:46:53,374 INFO     
2020-06-25 17:46:53,374 INFO     [rollout0] [2, 0, 5, 2, 5]
2020-06-25 17:46:53,374 INFO     [rollout1] [2, 3, 2, 0, 1, 4, 5, 4, 0, 4, 5]
2020-06-25 17:46:53,374 INFO     [rollout2] [3, 4, 4, 0, 3, 5, 4, 4, 4, 1, 4, 1, 3, 3, 3, 1, 3, 3, 3, 3, 6]
2020-06-25 17:46:53,374 INFO     [reward] 1.9960079840319362e-05
2020-06-25 17:46:53,374 INFO     [error] [-3.65620881e-07  4.47528547e-09]
2020-06-25 17:46:53,374 INFO     
2020-06-25 17:46:53,374 INFO     [min reward] 0.0
2020-06-25 17:46:53,374 INFO     
2020-06-25 17:46:53,374 INFO     [max steps] 2
2020-06-25 17:52:32,995 INFO     [step] 2772700
2020-06-25 17:52:32,995 INFO     [task] go[LL] 0.20000394292808743 0.0
2020-06-25 17:52:32,995 INFO     [task] go[LD] 0.19998422828765042 0.00010070493454179255
2020-06-25 17:52:32,995 INFO     [task] go[RD] 0.20000394292808743 5.0045040536482834e-05
2020-06-25 17:52:32,995 INFO     [task] go[UL] 0.20000394292808743 0.0
2020-06-25 17:52:32,995 INFO     [task] go[UR] 0.20000394292808743 0.0
2020-06-25 17:52:32,995 INFO     
2020-06-25 17:52:32,995 INFO     [rollout0] [3, 2, 4, 5, 2, 0, 0, 5]
2020-06-25 17:52:32,995 INFO     [rollout1] [4, 1, 2, 3, 0, 3, 1, 1, 4, 1, 2, 1, 5, 2, 4, 5]
2020-06-25 17:52:32,995 INFO     [rollout2] [3, 2, 1, 4, 4, 4, 0, 0, 0, 2, 1, 2, 0, 3, 6, 4, 1, 2, 3, 3, 1, 2, 2, 0, 2, 2, 3, 4, 4, 6]
2020-06-25 17:52:32,995 INFO     [reward] 2.9999999999999997e-05
2020-06-25 17:52:32,996 INFO     [error] [-6.38823614e-06  4.01144896e-09]
2020-06-25 17:52:32,996 INFO     
2020-06-25 17:52:32,996 INFO     [min reward] 0.0
2020-06-25 17:52:32,996 INFO     
2020-06-25 17:52:32,996 INFO     [max steps] 2
2020-06-25 17:58:12,284 INFO     [step] 2873000
2020-06-25 17:58:12,285 INFO     [task] go[LL] 0.20000597047427024 0.0
2020-06-25 17:58:12,285 INFO     [task] go[LD] 0.19998602830777065 9.974067424695791e-05
2020-06-25 17:58:12,285 INFO     [task] go[RD] 0.19999606026941882 0.0
2020-06-25 17:58:12,285 INFO     [task] go[UL] 0.20000597047427024 0.0
2020-06-25 17:58:12,285 INFO     [task] go[UR] 0.20000597047427024 0.0
2020-06-25 17:58:12,285 INFO     
2020-06-25 17:58:12,285 INFO     [rollout0] [1, 1, 1, 1, 3, 5, 0, 0, 1, 2, 5]
2020-06-25 17:58:12,285 INFO     [rollout1] [1, 4, 1, 4, 3, 0, 1, 2, 2, 2, 5, 4, 3, 4, 3, 4, 5]
2020-06-25 17:58:12,285 INFO     [rollout2] [3, 3, 4, 5, 4, 4, 5]
2020-06-25 17:58:12,285 INFO     [reward] 1.9940179461615153e-05
2020-06-25 17:58:12,285 INFO     [error] [-2.04660542e-06  3.48088321e-09]
2020-06-25 17:58:12,285 INFO     
2020-06-25 17:58:12,285 INFO     [min reward] 0.0
2020-06-25 17:58:12,285 INFO     
2020-06-25 17:58:12,285 INFO     [max steps] 2
2020-06-25 18:03:51,277 INFO     [step] 2973200
2020-06-25 18:03:51,278 INFO     [task] go[LL] 0.2000039502037318 0.0
2020-06-25 18:03:51,278 INFO     [task] go[LD] 0.19998419918507299 5.014290728576443e-05
2020-06-25 18:03:51,278 INFO     [task] go[RD] 0.2000039502037318 0.0
2020-06-25 18:03:51,278 INFO     [task] go[UL] 0.2000039502037318 0.0
2020-06-25 18:03:51,278 INFO     [task] go[UR] 0.2000039502037318 0.0
2020-06-25 18:03:51,278 INFO     
2020-06-25 18:03:51,278 INFO     [rollout0] [1, 2, 1, 5, 3, 3, 3, 2, 3, 3, 5]
2020-06-25 18:03:51,278 INFO     [rollout1] [5, 4, 2, 5]
2020-06-25 18:03:51,278 INFO     [rollout2] [3, 1, 3, 0, 4, 4, 2, 0, 2, 4, 3, 5, 3, 3, 1, 3, 0, 4, 0, 4, 0, 2, 2, 2, 1, 3, 6]
2020-06-25 18:03:51,278 INFO     [reward] 9.980039920159681e-06
2020-06-25 18:03:51,278 INFO     [error] [-2.89116429e-06  5.22948323e-09]
2020-06-25 18:03:51,278 INFO     
2020-06-25 18:03:51,279 INFO     [min reward] 0.0
2020-06-25 18:03:51,279 INFO     
2020-06-25 18:03:51,279 INFO     [max steps] 2
2020-06-25 18:09:27,678 INFO     [step] 3073600
2020-06-25 18:09:27,679 INFO     [task] go[LL] 0.20000198587743265 4.9907670809003344e-05
2020-06-25 18:09:27,679 INFO     [task] go[LD] 0.19999205649026944 0.0
2020-06-25 18:09:27,679 INFO     [task] go[RD] 0.20000198587743265 4.901480247034604e-05
2020-06-25 18:09:27,679 INFO     [task] go[UL] 0.20000198587743265 0.0
2020-06-25 18:09:27,679 INFO     [task] go[UR] 0.20000198587743265 0.0
2020-06-25 18:09:27,679 INFO     
2020-06-25 18:09:27,679 INFO     [rollout0] [1, 4, 1, 4, 2, 1, 0, 5, 3, 4, 0, 0, 0, 2, 3, 1, 0, 0, 2, 5]
2020-06-25 18:09:27,679 INFO     [rollout1] [0, 4, 3, 5, 4, 0, 4, 2, 5]
2020-06-25 18:09:27,679 INFO     [rollout2] [0, 0, 1, 4, 0, 2, 5, 4, 2, 1, 3, 5]
2020-06-25 18:09:27,679 INFO     [reward] 1.9920318725099602e-05
2020-06-25 18:09:27,679 INFO     [error] [7.52366111e-07 6.32179827e-09]
2020-06-25 18:09:27,679 INFO     
2020-06-25 18:09:27,679 INFO     [min reward] 0.0
2020-06-25 18:09:27,679 INFO     
